<?xml version="1.0" encoding="UTF-8"?>
<testsuite errors="0" failures="3" name="Checking Categories page content" skipped="0" tests="7" time="43.438117">
<testcase classname="Checking Categories page content" name="Display Categories in Desktop Mode" time="1.151871">
  <failure message="failed Display Categories in Desktop Mode" type="failed">
    <![CDATA[Scenario: Display Categories in Desktop Mode

Given I am on the home page
And I click on the Categories link
Then I should be on the Categories page
When I am viewing in Desktop mode
And page should display 5 categories in a row

Message:
]]>
    <![CDATA[expected: 772
     got: 1235 (using ==) (RSpec::Expectations::ExpectationNotMetError)
./features/step_definitions/browse_steps.rb:22:in `block (2 levels) in <top (required)>'
./features/step_definitions/browse_steps.rb:20:in `/^page should display (\d+) categories in a row$/'
features/discover/categories.feature:14:in `And page should display 5 categories in a row']]>
  </failure>
  <system-out/>
  <system-err/>
</testcase>
<testcase classname="Checking Categories page content" name="Display Categories in 10 inch tablet mode" time="7.873465">
  <failure message="failed Display Categories in 10 inch tablet mode" type="failed">
    <![CDATA[Scenario: Display Categories in 10 inch tablet mode

Given I am on the home page
And I click on the Categories link
Then I should be on the Categories page
When I am viewing in 10 inch tablet mode
And page should display 4 categories per a row

Message:
]]>
    <![CDATA[expected: 376
     got: 487 (using ==) (RSpec::Expectations::ExpectationNotMetError)
./features/step_definitions/browse_steps.rb:66:in `/^page should display (\d+) categories per a row$/'
features/discover/categories.feature:18:in `And page should display 4 categories per a row']]>
  </failure>
  <system-out/>
  <system-err/>
</testcase>
<testcase classname="Checking Categories page content" name="Display Categories in 7 inch tablet mode" time="7.347545">
  <system-out/>
  <system-err/>
</testcase>
<testcase classname="Checking Categories page content" name="Display Categories in mobile portrait mode" time="6.975362">
  <system-out/>
  <system-err/>
</testcase>
<testcase classname="Checking Categories page content" name="Display Categories in mobile landscape  mode" time="7.183572">
  <system-out/>
  <system-err/>
</testcase>
<testcase classname="Checking Categories page content" name="Valid category displayed" time="7.012015">
  <failure message="failed Valid category displayed" type="failed">
    <![CDATA[Scenario: Valid category displayed

Given I am on the home page
And I click on the Categories link
Then I should be on the Categories page
When 109 is valid category id
Then page should display the category
And page should display category image
And category name should be "Crime and Thriller"

Message:
]]>
    <![CDATA[expected: true
     got: false (using ==) (RSpec::Expectations::ExpectationNotMetError)
./features/step_definitions/browse_steps.rb:32:in `/^page should display the category$/'
features/discover/categories.feature:34:in `Then page should display the category']]>
  </failure>
  <system-out/>
  <system-err/>
</testcase>
<testcase classname="Checking Categories page content" name="Invalid category is not displayed" time="5.894287">
  <system-out/>
  <system-err/>
</testcase>
  <system-out>
    <![CDATA[]]>
  </system-out>
  <system-err>
    <![CDATA[]]>
  </system-err>
</testsuite>
