<?xml version="1.0" encoding="UTF-8"?>
<testsuite errors="0" failures="0" name="Navigation around the website" skipped="0" tests="14" time="72.144418">
<testcase classname="Navigation around the website" name="Clicking on the website logo" time="15.467725">
  <system-out/>
  <system-err/>
</testcase>
<testcase classname="Navigation around the website" name="Clicking on the About Blinkbox Books" time="5.828061">
  <system-out/>
  <system-err/>
</testcase>
<testcase classname="Navigation around the website" name="Navigating to the help site from the footer" time="2.657449">
  <system-out/>
  <system-err/>
</testcase>
<testcase classname="Navigation around the website" name="Navigating to the blinkbox movies site from the footer" time="3.004810">
  <system-out/>
  <system-err/>
</testcase>
<testcase classname="Navigation around the website" name="Navigating to the blinkbox music site from the footer" time="2.779524">
  <system-out/>
  <system-err/>
</testcase>
<testcase classname="Navigation around the website" name="Navigate to Terms and Conditions page" time="3.191625">
  <system-out/>
  <system-err/>
</testcase>
<testcase classname="Navigation around the website" name="Navigate to categories page" time="3.004781">
  <system-out/>
  <system-err/>
</testcase>
<testcase classname="Navigation around the website" name="Navigate to Bestsellers page" time="8.553160">
  <system-out/>
  <system-err/>
</testcase>
<testcase classname="Navigation around the website" name="Navigate to New releases page" time="3.606386">
  <system-out/>
  <system-err/>
</testcase>
<testcase classname="Navigation around the website" name="Navigate to Free books page" time="4.696714">
  <system-out/>
  <system-err/>
</testcase>
<testcase classname="Navigation around the website" name="Navigate to Authors page" time="7.055864">
  <system-out/>
  <system-err/>
</testcase>
<testcase classname="Navigation around the website" name="Navigate to book details page" time="4.028097">
  <system-out/>
  <system-err/>
</testcase>
<testcase classname="Navigation around the website" name="Navigate to a Category page" time="3.543196">
  <system-out/>
  <system-err/>
</testcase>
<testcase classname="Navigation around the website" name="Read a sample" time="4.727026">
  <system-out/>
  <system-err/>
</testcase>
  <system-out>
    <![CDATA[Load time of HomePage: 0.012367 sec
Load time of AboutBlinkboxBooksPage: 0.143682 sec
Load time of TermsAndConditionsPage: 0.284265 sec
Load time of CategoriesPage: 0.170318 sec
Load time of BestsellersPage: 0.48078 sec
Load time of NewReleasesPage: 0.777626 sec
Load time of FreeBooksPage: 0.273527 sec
Load time of AuthorsPage: 0.010108 sec
Load time of CategoriesPage: 0.133303 sec
]]>
  </system-out>
  <system-err>
    <![CDATA[]]>
  </system-err>
</testsuite>
