<?xml version="1.0" encoding="UTF-8"?>
<testsuite errors="0" failures="0" name="Update the Payment details of the user under 'your account'" skipped="0" tests="2" time="130.824602">
<testcase classname="Update the Payment details of the user under 'your account'" name="Delete a stored card" time="119.103037">
  <system-out/>
  <system-err/>
</testcase>
<testcase classname="Update the Payment details of the user under 'your account'" name="Change default card" time="11.721565">
  <system-out/>
  <system-err/>
</testcase>
  <system-out>
    <![CDATA[Load time of RegisterPage: 0.0701 sec
Load time of RegistrationSuccessPage: 0.565453 sec
Load time of OrderCompletePage: 5.453217 sec
]]>
  </system-out>
  <system-err>
    <![CDATA[]]>
  </system-err>
</testsuite>
