<?xml version="1.0" encoding="UTF-8"?>
<testsuite errors="0" failures="0" name="Sign into Blinkbox books" skipped="0" tests="1" time="1.679739">
<testcase classname="Sign into Blinkbox books" name="Happy path user sign in" time="1.679739">
  <system-out/>
  <system-err/>
</testcase>
  <system-out>
    <![CDATA[Load time of HomePage: 0.005846 sec
]]>
  </system-out>
  <system-err>
    <![CDATA[]]>
  </system-err>
</testsuite>
