<?xml version="1.0" encoding="UTF-8"?>
<testsuite errors="0" failures="0" name="Update the Personal details of the user under 'your account'" skipped="0" tests="2" time="12.187936">
<testcase classname="Update the Personal details of the user under 'your account'" name="Successfully update Your personal information" time="5.267096">
  <system-out/>
  <system-err/>
</testcase>
<testcase classname="Update the Personal details of the user under 'your account'" name="Successfully update Email address" time="6.920840">
  <system-out/>
  <system-err/>
</testcase>
  <system-out>
    <![CDATA[Load time of RegisterPage: 0.041672 sec
]]>
  </system-out>
  <system-err>
    <![CDATA[]]>
  </system-err>
</testsuite>
