<?xml version="1.0" encoding="UTF-8"?>
<testsuite errors="0" failures="1" name="Suggestions for user search" skipped="0" tests="1" time="11.134893">
<testcase classname="Suggestions for user search" name="Search suggestions displayed" time="11.134893">
  <failure message="failed Search suggestions displayed" type="failed">
    <![CDATA[Scenario: Search suggestions displayed

Given I am on the home page
When I type "spring" into search field
Then search suggestions should be displayed

Message:
]]>
    <![CDATA[Unable to find css "#suggestions" (Capybara::ElementNotFound)
./features/step_definitions/search_steps.rb:68:in `/^search suggestions should be displayed$/'
features/search/search_suggestions_quality.feature:13:in `Then search suggestions should be displayed']]>
  </failure>
  <system-out/>
  <system-err/>
</testcase>
  <system-out>
    <![CDATA[]]>
  </system-out>
  <system-err>
    <![CDATA[]]>
  </system-err>
</testsuite>
