<?xml version="1.0" encoding="UTF-8"?>
<testsuite errors="0" failures="0" name="Navigation around the website" skipped="0" tests="1" time="5.589029">
<testcase classname="Navigation around the website" name="Best sellers page displayed" time="5.589029">
  <system-out/>
  <system-err/>
</testcase>
  <system-out>
    <![CDATA[Tag: [36m@@navigation[0mTags: [36m@@CWA-71[0m, [36m@@smoke[0m]]>
  </system-out>
  <system-err>
    <![CDATA[]]>
  </system-err>
</testsuite>
