<?xml version="1.0" encoding="UTF-8"?>
<testsuite errors="0" failures="0" name="Manage personal details - change password" skipped="0" tests="1" time="44.558233">
<testcase classname="Manage personal details - change password" name="Successfully change password" time="44.558233">
  <system-out/>
  <system-err/>
</testcase>
  <system-out>
    <![CDATA[Load time of RegisterPage: 0.137067 sec
Load time of YourPersonalDetailsPage: 0.009181 sec
]]>
  </system-out>
  <system-err>
    <![CDATA[]]>
  </system-err>
</testsuite>
