<?xml version="1.0" encoding="UTF-8"?>
<testsuite errors="0" failures="1" name="" skipped="8" tests="9" time="0.188095">
<testcase classname="" name="The default mode is Grid" time="0.130118">
  <failure message="failed The default mode is Grid" type="failed">
    <![CDATA[Scenario: The default mode is Grid

Given I am on the home page
And I search for term "dan brown"
Then I should have a result page with term "dan brown" matching
Given the result is displayed in Grid mode

Message:
]]>
    <![CDATA[expected to find text "Dan Brown" in "Ireland Dr. Terence Brown £4.49 Rogue Forces Dale Brown £4.99 Strike Force Dale Brown £4.71 Sandstealers Ben Brown £2.99 Jim Brown Mike Freeman £5.99 Shadow Command Dale Brown £5.99" (RSpec::Expectations::ExpectationNotMetError)
./features/step_definitions/search_steps.rb:7:in `/^I should have a result page with term "(.*?)" matching$/'
features/search/search_result_display.feature:14:in `Then I should have a result page with term "dan brown" matching']]>
  </failure>
  <system-out/>
  <system-err/>
</testcase>
<testcase classname="" name="Check the sort options are present and accessible" time="0.004138">
  <skipped/>
  <system-out/>
  <system-err/>
</testcase>
<testcase classname="" name="Switch from Grid mode to List mode" time="0.022506">
  <skipped/>
  <system-out/>
  <system-err/>
</testcase>
<testcase classname="" name="Switch back from List mode to Grid mode" time="0.003467">
  <skipped/>
  <system-out/>
  <system-err/>
</testcase>
<testcase classname="" name="Check the number of return result is equal on both modes - Grid and List mode" time="0.005626">
  <skipped/>
  <system-out/>
  <system-err/>
</testcase>
<testcase classname="" name="Check in the list mode for club card link/text details" time="0.011037">
  <skipped/>
  <system-out/>
  <system-err/>
</testcase>
<testcase classname="" name="Search for a word that does not return any results" time="0.004457">
  <skipped/>
  <system-out/>
  <system-err/>
</testcase>
<testcase classname="" name="When user selects List view mode to display search results it should be set as default" time="0.003841">
  <skipped/>
  <system-out/>
  <system-err/>
</testcase>
<testcase classname="" name="Default search results view is always kept to Grid view unless user changes to list view" time="0.002905">
  <skipped/>
  <system-out/>
  <system-err/>
</testcase>
  <system-out>
    <![CDATA[]]>
  </system-out>
  <system-err>
    <![CDATA[]]>
  </system-err>
</testsuite>
